<?xml version="1.0" encoding="UTF-8"?>
<testng-results ignored="0" total="6" passed="6" failed="0" skipped="0">
  <reporter-output>
  </reporter-output>
  <suite started-at="2023-03-24T12:22:46 IST" name="All Test Suite" finished-at="2023-03-24T12:23:41 IST" duration-ms="55111">
    <groups>
    </groups>
    <test started-at="2023-03-24T12:22:46 IST" name="C:/DevStudio/Projects/JenkinsDemo" finished-at="2023-03-24T12:23:41 IST" duration-ms="55111">
      <class name="com.example.JenkinsDemo.LoginTest">
        <test-method is-config="true" signature="browserLogin()[pri:0, instance:com.example.JenkinsDemo.LoginTest@4c2bb6e0]" started-at="2023-03-24T12:22:46 IST" name="browserLogin" finished-at="2023-03-24T12:23:08 IST" duration-ms="22223" status="PASS">
          <reporter-output>
          </reporter-output>
        </test-method> <!-- browserLogin -->
        <test-method signature="testLoginWithInvalidData()[pri:1, instance:com.example.JenkinsDemo.LoginTest@4c2bb6e0]" started-at="2023-03-24T12:23:08 IST" name="testLoginWithInvalidData" finished-at="2023-03-24T12:23:18 IST" duration-ms="9334" status="PASS">
          <reporter-output>
          </reporter-output>
        </test-method> <!-- testLoginWithInvalidData -->
        <test-method signature="testLoginWithEmptyData()[pri:2, instance:com.example.JenkinsDemo.LoginTest@4c2bb6e0]" started-at="2023-03-24T12:23:18 IST" name="testLoginWithEmptyData" finished-at="2023-03-24T12:23:24 IST" duration-ms="6608" status="PASS">
          <reporter-output>
          </reporter-output>
        </test-method> <!-- testLoginWithEmptyData -->
        <test-method signature="testLoginWithValidData()[pri:3, instance:com.example.JenkinsDemo.LoginTest@4c2bb6e0]" started-at="2023-03-24T12:23:24 IST" name="testLoginWithValidData" finished-at="2023-03-24T12:23:36 IST" duration-ms="11787" status="PASS">
          <reporter-output>
          </reporter-output>
        </test-method> <!-- testLoginWithValidData -->
        <test-method signature="testHeadingVerification()[pri:6, instance:com.example.JenkinsDemo.LoginTest@4c2bb6e0]" started-at="2023-03-24T12:23:36 IST" name="testHeadingVerification" finished-at="2023-03-24T12:23:36 IST" duration-ms="281" status="PASS">
          <reporter-output>
          </reporter-output>
        </test-method> <!-- testHeadingVerification -->
        <test-method signature="testTitleVerification()[pri:7, instance:com.example.JenkinsDemo.LoginTest@4c2bb6e0]" started-at="2023-03-24T12:23:36 IST" name="testTitleVerification" finished-at="2023-03-24T12:23:37 IST" duration-ms="210" status="PASS">
          <reporter-output>
          </reporter-output>
        </test-method> <!-- testTitleVerification -->
        <test-method signature="testUrlVerification()[pri:8, instance:com.example.JenkinsDemo.LoginTest@4c2bb6e0]" started-at="2023-03-24T12:23:37 IST" name="testUrlVerification" finished-at="2023-03-24T12:23:37 IST" duration-ms="259" status="PASS">
          <reporter-output>
          </reporter-output>
        </test-method> <!-- testUrlVerification -->
        <test-method is-config="true" signature="close()[pri:0, instance:com.example.JenkinsDemo.LoginTest@4c2bb6e0]" started-at="2023-03-24T12:23:37 IST" name="close" finished-at="2023-03-24T12:23:41 IST" duration-ms="4343" status="PASS">
          <reporter-output>
          </reporter-output>
        </test-method> <!-- close -->
      </class> <!-- com.example.JenkinsDemo.LoginTest -->
    </test> <!-- C:/DevStudio/Projects/JenkinsDemo -->
  </suite> <!-- All Test Suite -->
</testng-results>
