<?xml version="1.0" encoding="UTF-8"?>
<testng-results ignored="0" total="1" passed="1" failed="0" skipped="0">
  <reporter-output>
  </reporter-output>
  <suite started-at="2023-03-24T10:23:55 IST" name="All Test Suite" finished-at="2023-03-24T10:23:55 IST" duration-ms="164">
    <groups>
    </groups>
    <test started-at="2023-03-24T10:23:55 IST" name="C:/DevStudio/Projects/JenkinsDemo" finished-at="2023-03-24T10:23:55 IST" duration-ms="164">
      <class name="com.example.JenkinsDemo.Test">
        <test-method signature="demo()[pri:0, instance:com.example.JenkinsDemo.Test@18317edc]" started-at="2023-03-24T10:23:55 IST" name="demo" finished-at="2023-03-24T10:23:55 IST" duration-ms="59" status="PASS">
          <reporter-output>
          </reporter-output>
        </test-method> <!-- demo -->
      </class> <!-- com.example.JenkinsDemo.Test -->
    </test> <!-- C:/DevStudio/Projects/JenkinsDemo -->
  </suite> <!-- All Test Suite -->
</testng-results>
